{"numFailedTestSuites":0,"numFailedTests":0,"numPassedTestSuites":1,"numPassedTests":1,"numPendingTestSuites":0,"numPendingTests":0,"numRuntimeErrorTestSuites":0,"numTodoTests":0,"numTotalTestSuites":1,"numTotalTests":1,"openHandles":[],"snapshot":{"added":0,"didUpdate":false,"failure":false,"filesAdded":0,"filesRemoved":0,"filesRemovedList":[],"filesUnmatched":0,"filesUpdated":0,"matched":0,"total":0,"unchecked":0,"uncheckedKeysByFile":[],"unmatched":0,"updated":0},"startTime":1780058326049,"success":true,"testResults":[{"assertionResults":[{"ancestorTitles":["swagger spec"],"duration":3,"failing":false,"failureDetails":[],"failureMessages":[],"fullName":"swagger spec has OpenAPI version and basic info","invocations":1,"location":null,"numPassingAsserts":5,"retryReasons":[],"startAt":1780058326991,"status":"passed","title":"has OpenAPI version and basic info"}],"endTime":1780058326996,"message":"","name":"C:\\dev\\Wave\\SYNCRO\\backend\\tests\\swagger.test.ts","startTime":1780058326316,"status":"passed","summary":""}],"wasInterrupted":false}
