{"numFailedTestSuites":0,"numFailedTests":0,"numPassedTestSuites":1,"numPassedTests":23,"numPendingTestSuites":0,"numPendingTests":0,"numRuntimeErrorTestSuites":0,"numTodoTests":0,"numTotalTestSuites":1,"numTotalTests":23,"openHandles":[],"snapshot":{"added":0,"didUpdate":false,"failure":false,"filesAdded":0,"filesRemoved":0,"filesRemovedList":[],"filesUnmatched":0,"filesUpdated":0,"matched":0,"total":0,"unchecked":0,"uncheckedKeysByFile":[],"unmatched":0,"updated":0},"startTime":1780057230096,"success":true,"testResults":[{"assertionResults":[{"ancestorTitles":["TelegramBotService","Configuration"],"duration":2,"failing":false,"failureDetails":[],"failureMessages":[],"fullName":"TelegramBotService Configuration should be configured with bot token","invocations":1,"location":null,"numPassingAsserts":1,"retryReasons":[],"startAt":1780057230990,"status":"passed","title":"should be configured with bot token"},{"ancestorTitles":["TelegramBotService","Configuration"],"duration":2,"failing":false,"failureDetails":[],"failureMessages":[],"fullName":"TelegramBotService Configuration should not be configured without bot token","invocations":1,"location":null,"numPassingAsserts":1,"retryReasons":[],"startAt":1780057230993,"status":"passed","title":"should not be configured without bot token"},{"ancestorTitles":["TelegramBotService","Configuration"],"duration":5,"failing":false,"failureDetails":[],"failureMessages":[],"fullName":"TelegramBotService Configuration should verify connection successfully","invocations":1,"location":null,"numPassingAsserts":2,"retryReasons":[],"startAt":1780057230996,"status":"passed","title":"should verify connection successfully"},{"ancestorTitles":["TelegramBotService","Configuration"],"duration":2,"failing":false,"failureDetails":[],"failureMessages":[],"fullName":"TelegramBotService Configuration should handle connection verification failure","invocations":1,"location":null,"numPassingAsserts":1,"retryReasons":[],"startAt":1780057231001,"status":"passed","title":"should handle connection verification failure"},{"ancestorTitles":["TelegramBotService","Configuration"],"duration":16,"failing":false,"failureDetails":[],"failureMessages":[],"fullName":"TelegramBotService Configuration should handle network errors during verification","invocations":1,"location":null,"numPassingAsserts":1,"retryReasons":[],"startAt":1780057231003,"status":"passed","title":"should handle network errors during verification"},{"ancestorTitles":["TelegramBotService","Send Renewal Reminder"],"duration":21,"failing":false,"failureDetails":[],"failureMessages":[],"fullName":"TelegramBotService Send Renewal Reminder should send renewal reminder successfully","invocations":1,"location":null,"numPassingAsserts":4,"retryReasons":[],"startAt":1780057231020,"status":"passed","title":"should send renewal reminder successfully"},{"ancestorTitles":["TelegramBotService","Send Renewal Reminder"],"duration":2,"failing":false,"failureDetails":[],"failureMessages":[],"fullName":"TelegramBotService Send Renewal Reminder should format trial expiry message correctly","invocations":1,"location":null,"numPassingAsserts":3,"retryReasons":[],"startAt":1780057231042,"status":"passed","title":"should format trial expiry message correctly"},{"ancestorTitles":["TelegramBotService","Send Renewal Reminder"],"duration":3,"failing":false,"failureDetails":[],"failureMessages":[],"fullName":"TelegramBotService Send Renewal Reminder should include inline keyboard buttons","invocations":1,"location":null,"numPassingAsserts":3,"retryReasons":[],"startAt":1780057231045,"status":"passed","title":"should include inline keyboard buttons"},{"ancestorTitles":["TelegramBotService","Send Renewal Reminder"],"duration":99,"failing":false,"failureDetails":[],"failureMessages":[],"fullName":"TelegramBotService Send Renewal Reminder should handle missing chat ID gracefully","invocations":1,"location":null,"numPassingAsserts":3,"retryReasons":[],"startAt":1780057231054,"status":"passed","title":"should handle missing chat ID gracefully"},{"ancestorTitles":["TelegramBotService","Send Renewal Reminder"],"duration":2,"failing":false,"failureDetails":[],"failureMessages":[],"fullName":"TelegramBotService Send Renewal Reminder should handle bot blocked by user error","invocations":1,"location":null,"numPassingAsserts":3,"retryReasons":[],"startAt":1780057231154,"status":"passed","title":"should handle bot blocked by user error"},{"ancestorTitles":["TelegramBotService","Send Renewal Reminder"],"duration":2,"failing":false,"failureDetails":[],"failureMessages":[],"fullName":"TelegramBotService Send Renewal Reminder should handle rate limit errors as retryable","invocations":1,"location":null,"numPassingAsserts":2,"retryReasons":[],"startAt":1780057231157,"status":"passed","title":"should handle rate limit errors as retryable"},{"ancestorTitles":["TelegramBotService","Send Renewal Reminder"],"duration":1151,"failing":false,"failureDetails":[],"failureMessages":[],"fullName":"TelegramBotService Send Renewal Reminder should retry on retryable errors","invocations":1,"location":null,"numPassingAsserts":2,"retryReasons":[],"startAt":1780057231160,"status":"passed","title":"should retry on retryable errors"},{"ancestorTitles":["TelegramBotService","Send Renewal Reminder"],"duration":4,"failing":false,"failureDetails":[],"failureMessages":[],"fullName":"TelegramBotService Send Renewal Reminder should not send when service is not configured","invocations":1,"location":null,"numPassingAsserts":4,"retryReasons":[],"startAt":1780057232311,"status":"passed","title":"should not send when service is not configured"},{"ancestorTitles":["TelegramBotService","Send Simple Message"],"duration":2,"failing":false,"failureDetails":[],"failureMessages":[],"fullName":"TelegramBotService Send Simple Message should send simple message successfully","invocations":1,"location":null,"numPassingAsserts":2,"retryReasons":[],"startAt":1780057232316,"status":"passed","title":"should send simple message successfully"},{"ancestorTitles":["TelegramBotService","Send Simple Message"],"duration":1,"failing":false,"failureDetails":[],"failureMessages":[],"fullName":"TelegramBotService Send Simple Message should handle HTML formatting","invocations":1,"location":null,"numPassingAsserts":2,"retryReasons":[],"startAt":1780057232318,"status":"passed","title":"should handle HTML formatting"},{"ancestorTitles":["TelegramBotService","Send Risk Alert"],"duration":1,"failing":false,"failureDetails":[],"failureMessages":[],"fullName":"TelegramBotService Send Risk Alert should send risk alert successfully","invocations":1,"location":null,"numPassingAsserts":2,"retryReasons":[],"startAt":1780057232320,"status":"passed","title":"should send risk alert successfully"},{"ancestorTitles":["TelegramBotService","Send Risk Alert"],"duration":1,"failing":false,"failureDetails":[],"failureMessages":[],"fullName":"TelegramBotService Send Risk Alert should format risk factors correctly","invocations":1,"location":null,"numPassingAsserts":4,"retryReasons":[],"startAt":1780057232321,"status":"passed","title":"should format risk factors correctly"},{"ancestorTitles":["TelegramBotService","Send Risk Alert"],"duration":1,"failing":false,"failureDetails":[],"failureMessages":[],"fullName":"TelegramBotService Send Risk Alert should include review button","invocations":1,"location":null,"numPassingAsserts":2,"retryReasons":[],"startAt":1780057232322,"status":"passed","title":"should include review button"},{"ancestorTitles":["TelegramBotService","Error Handling"],"duration":3,"failing":false,"failureDetails":[],"failureMessages":[],"fullName":"TelegramBotService Error Handling should handle network errors","invocations":1,"location":null,"numPassingAsserts":2,"retryReasons":[],"startAt":1780057232323,"status":"passed","title":"should handle network errors"},{"ancestorTitles":["TelegramBotService","Error Handling"],"duration":6,"failing":false,"failureDetails":[],"failureMessages":[],"fullName":"TelegramBotService Error Handling should handle invalid JSON responses","invocations":1,"location":null,"numPassingAsserts":1,"retryReasons":[],"startAt":1780057232326,"status":"passed","title":"should handle invalid JSON responses"},{"ancestorTitles":["TelegramBotService","Error Handling"],"duration":2,"failing":false,"failureDetails":[],"failureMessages":[],"fullName":"TelegramBotService Error Handling should handle chat not found error","invocations":1,"location":null,"numPassingAsserts":3,"retryReasons":[],"startAt":1780057232332,"status":"passed","title":"should handle chat not found error"},{"ancestorTitles":["TelegramBotService","Message Formatting"],"duration":1,"failing":false,"failureDetails":[],"failureMessages":[],"fullName":"TelegramBotService Message Formatting should format renewal message with all details","invocations":1,"location":null,"numPassingAsserts":4,"retryReasons":[],"startAt":1780057232334,"status":"passed","title":"should format renewal message with all details"},{"ancestorTitles":["TelegramBotService","Message Formatting"],"duration":1,"failing":false,"failureDetails":[],"failureMessages":[],"fullName":"TelegramBotService Message Formatting should use appropriate emoji for urgency","invocations":1,"location":null,"numPassingAsserts":2,"retryReasons":[],"startAt":1780057232335,"status":"passed","title":"should use appropriate emoji for urgency"}],"endTime":1780057232338,"message":"","name":"C:\\dev\\Wave\\SYNCRO\\backend\\tests\\telegram-bot-service.test.ts","startTime":1780057230503,"status":"passed","summary":""}],"wasInterrupted":false}
